2025-05-19T19:39:19.964+05:30  INFO 22720 --- [verisay] [restartedMain] c.backened.verisay.VerisayApplication    : Starting VerisayApplication using Java 17.0.12 with PID 22720 (C:\verisaybackened\verisay\target\classes started by hp in C:\verisaybackened\verisay)
2025-05-19T19:39:19.969+05:30 DEBUG 22720 --- [verisay] [restartedMain] c.backened.verisay.VerisayApplication    : Running with Spring Boot v3.4.4, Spring v6.2.5
2025-05-19T19:39:19.970+05:30  INFO 22720 --- [verisay] [restartedMain] c.backened.verisay.VerisayApplication    : No active profile set, falling back to 1 default profile: "default"
2025-05-19T19:39:20.084+05:30  INFO 22720 --- [verisay] [restartedMain] .e.DevToolsPropertyDefaultsPostProcessor : Devtools property defaults active! Set 'spring.devtools.add-properties' to 'false' to disable
2025-05-19T19:39:20.108+05:30  INFO 22720 --- [verisay] [restartedMain] .e.DevToolsPropertyDefaultsPostProcessor : For additional web related logging consider setting the 'logging.level.web' property to 'DEBUG'
2025-05-19T19:39:22.488+05:30  INFO 22720 --- [verisay] [restartedMain] .s.d.r.c.RepositoryConfigurationDelegate : Bootstrapping Spring Data JPA repositories in DEFAULT mode.
2025-05-19T19:39:22.780+05:30  INFO 22720 --- [verisay] [restartedMain] .s.d.r.c.RepositoryConfigurationDelegate : Finished Spring Data repository scanning in 271 ms. Found 6 JPA repository interfaces.
2025-05-19T19:39:24.540+05:30  INFO 22720 --- [verisay] [restartedMain] o.s.b.w.embedded.tomcat.TomcatWebServer  : Tomcat initialized with port 8000 (http)
2025-05-19T19:39:24.566+05:30  INFO 22720 --- [verisay] [restartedMain] o.apache.catalina.core.StandardService   : Starting service [Tomcat]
2025-05-19T19:39:24.567+05:30  INFO 22720 --- [verisay] [restartedMain] o.apache.catalina.core.StandardEngine    : Starting Servlet engine: [Apache Tomcat/10.1.39]
2025-05-19T19:39:24.701+05:30  INFO 22720 --- [verisay] [restartedMain] o.a.c.c.C.[Tomcat].[localhost].[/]       : Initializing Spring embedded WebApplicationContext
2025-05-19T19:39:24.702+05:30  INFO 22720 --- [verisay] [restartedMain] w.s.c.ServletWebServerApplicationContext : Root WebApplicationContext: initialization completed in 4592 ms
2025-05-19T19:39:25.223+05:30  INFO 22720 --- [verisay] [restartedMain] o.hibernate.jpa.internal.util.LogHelper  : HHH000204: Processing PersistenceUnitInfo [name: default]
2025-05-19T19:39:25.349+05:30  INFO 22720 --- [verisay] [restartedMain] org.hibernate.Version                    : HHH000412: Hibernate ORM core version 6.6.11.Final
2025-05-19T19:39:25.419+05:30  INFO 22720 --- [verisay] [restartedMain] o.h.c.internal.RegionFactoryInitiator    : HHH000026: Second-level cache disabled
2025-05-19T19:39:26.155+05:30  INFO 22720 --- [verisay] [restartedMain] o.s.o.j.p.SpringPersistenceUnitInfo      : No LoadTimeWeaver setup: ignoring JPA class transformer
2025-05-19T19:39:26.227+05:30  INFO 22720 --- [verisay] [restartedMain] com.zaxxer.hikari.HikariDataSource       : HikariPool-1 - Starting...
2025-05-19T19:39:26.661+05:30  INFO 22720 --- [verisay] [restartedMain] com.zaxxer.hikari.pool.HikariPool        : HikariPool-1 - Added connection com.mysql.cj.jdbc.ConnectionImpl@26db6636
2025-05-19T19:39:26.664+05:30  INFO 22720 --- [verisay] [restartedMain] com.zaxxer.hikari.HikariDataSource       : HikariPool-1 - Start completed.
2025-05-19T19:39:26.798+05:30  INFO 22720 --- [verisay] [restartedMain] org.hibernate.orm.connections.pooling    : HHH10001005: Database info:
	Database JDBC URL [Connecting through datasource 'HikariDataSource (HikariPool-1)']
	Database driver: undefined/unknown
	Database version: 8.0.35
	Autocommit mode: undefined/unknown
	Isolation level: undefined/unknown
	Minimum pool size: undefined/unknown
	Maximum pool size: undefined/unknown
2025-05-19T19:39:28.174+05:30  INFO 22720 --- [verisay] [restartedMain] o.h.e.t.j.p.i.JtaPlatformInitiator       : HHH000489: No JTA platform available (set 'hibernate.transaction.jta.platform' to enable JTA platform integration)
2025-05-19T19:39:28.182+05:30  INFO 22720 --- [verisay] [restartedMain] j.LocalContainerEntityManagerFactoryBean : Initialized JPA EntityManagerFactory for persistence unit 'default'
2025-05-19T19:39:29.037+05:30  WARN 22720 --- [verisay] [restartedMain] JpaBaseConfiguration$JpaWebConfiguration : spring.jpa.open-in-view is enabled by default. Therefore, database queries may be performed during view rendering. Explicitly configure spring.jpa.open-in-view to disable this warning
2025-05-19T19:39:29.105+05:30  WARN 22720 --- [verisay] [restartedMain] .s.s.UserDetailsServiceAutoConfiguration : 

Using generated security password: 3459ff4d-90c0-4c49-9a83-fdab6c4036ed

This generated password is for development use only. Your security configuration must be updated before running your application in production.

2025-05-19T19:39:29.149+05:30  INFO 22720 --- [verisay] [restartedMain] r$InitializeUserDetailsManagerConfigurer : Global AuthenticationManager configured with UserDetailsService bean with name inMemoryUserDetailsManager
2025-05-19T19:39:30.008+05:30  INFO 22720 --- [verisay] [restartedMain] o.s.b.a.e.web.EndpointLinksResolver      : Exposing 1 endpoint beneath base path '/actuator'
2025-05-19T19:39:31.111+05:30  INFO 22720 --- [verisay] [restartedMain] o.s.b.d.a.OptionalLiveReloadServer       : LiveReload server is running on port 35729
2025-05-19T19:39:31.308+05:30  INFO 22720 --- [verisay] [restartedMain] o.s.b.w.embedded.tomcat.TomcatWebServer  : Tomcat started on port 8000 (http) with context path '/'
2025-05-19T19:39:31.332+05:30  INFO 22720 --- [verisay] [restartedMain] c.backened.verisay.VerisayApplication    : Started VerisayApplication in 12.276 seconds (process running for 13.593)
2025-05-19T19:39:34.130+05:30  INFO 22720 --- [verisay] [RMI TCP Connection(2)-127.0.0.1] o.a.c.c.C.[Tomcat].[localhost].[/]       : Initializing Spring DispatcherServlet 'dispatcherServlet'
2025-05-19T19:39:34.131+05:30  INFO 22720 --- [verisay] [RMI TCP Connection(2)-127.0.0.1] o.s.web.servlet.DispatcherServlet        : Initializing Servlet 'dispatcherServlet'
2025-05-19T19:39:34.135+05:30  INFO 22720 --- [verisay] [RMI TCP Connection(2)-127.0.0.1] o.s.web.servlet.DispatcherServlet        : Completed initialization in 2 ms
2025-05-19T19:40:16.214+05:30  INFO 23520 --- [verisay] [restartedMain] c.backened.verisay.VerisayApplication    : Starting VerisayApplication using Java 17.0.12 with PID 23520 (C:\verisaybackened\verisay\target\classes started by hp in C:\verisaybackened\verisay)
2025-05-19T19:40:16.222+05:30 DEBUG 23520 --- [verisay] [restartedMain] c.backened.verisay.VerisayApplication    : Running with Spring Boot v3.4.4, Spring v6.2.5
2025-05-19T19:40:16.224+05:30  INFO 23520 --- [verisay] [restartedMain] c.backened.verisay.VerisayApplication    : No active profile set, falling back to 1 default profile: "default"
2025-05-19T19:40:16.333+05:30  INFO 23520 --- [verisay] [restartedMain] .e.DevToolsPropertyDefaultsPostProcessor : Devtools property defaults active! Set 'spring.devtools.add-properties' to 'false' to disable
2025-05-19T19:40:16.334+05:30  INFO 23520 --- [verisay] [restartedMain] .e.DevToolsPropertyDefaultsPostProcessor : For additional web related logging consider setting the 'logging.level.web' property to 'DEBUG'
2025-05-19T19:40:18.642+05:30  INFO 23520 --- [verisay] [restartedMain] .s.d.r.c.RepositoryConfigurationDelegate : Bootstrapping Spring Data JPA repositories in DEFAULT mode.
2025-05-19T19:40:18.980+05:30  INFO 23520 --- [verisay] [restartedMain] .s.d.r.c.RepositoryConfigurationDelegate : Finished Spring Data repository scanning in 316 ms. Found 6 JPA repository interfaces.
2025-05-19T19:40:20.580+05:30  INFO 23520 --- [verisay] [restartedMain] o.s.b.w.embedded.tomcat.TomcatWebServer  : Tomcat initialized with port 8000 (http)
2025-05-19T19:40:20.607+05:30  INFO 23520 --- [verisay] [restartedMain] o.apache.catalina.core.StandardService   : Starting service [Tomcat]
2025-05-19T19:40:20.607+05:30  INFO 23520 --- [verisay] [restartedMain] o.apache.catalina.core.StandardEngine    : Starting Servlet engine: [Apache Tomcat/10.1.39]
2025-05-19T19:40:20.752+05:30  INFO 23520 --- [verisay] [restartedMain] o.a.c.c.C.[Tomcat].[localhost].[/]       : Initializing Spring embedded WebApplicationContext
2025-05-19T19:40:20.753+05:30  INFO 23520 --- [verisay] [restartedMain] w.s.c.ServletWebServerApplicationContext : Root WebApplicationContext: initialization completed in 4417 ms
2025-05-19T19:40:21.215+05:30  INFO 23520 --- [verisay] [restartedMain] o.hibernate.jpa.internal.util.LogHelper  : HHH000204: Processing PersistenceUnitInfo [name: default]
2025-05-19T19:40:21.313+05:30  INFO 23520 --- [verisay] [restartedMain] org.hibernate.Version                    : HHH000412: Hibernate ORM core version 6.6.11.Final
2025-05-19T19:40:21.384+05:30  INFO 23520 --- [verisay] [restartedMain] o.h.c.internal.RegionFactoryInitiator    : HHH000026: Second-level cache disabled
2025-05-19T19:40:22.039+05:30  INFO 23520 --- [verisay] [restartedMain] o.s.o.j.p.SpringPersistenceUnitInfo      : No LoadTimeWeaver setup: ignoring JPA class transformer
2025-05-19T19:40:22.102+05:30  INFO 23520 --- [verisay] [restartedMain] com.zaxxer.hikari.HikariDataSource       : HikariPool-1 - Starting...
2025-05-19T19:40:22.558+05:30  INFO 23520 --- [verisay] [restartedMain] com.zaxxer.hikari.pool.HikariPool        : HikariPool-1 - Added connection com.mysql.cj.jdbc.ConnectionImpl@2ca29e9d
2025-05-19T19:40:22.560+05:30  INFO 23520 --- [verisay] [restartedMain] com.zaxxer.hikari.HikariDataSource       : HikariPool-1 - Start completed.
2025-05-19T19:40:22.698+05:30  INFO 23520 --- [verisay] [restartedMain] org.hibernate.orm.connections.pooling    : HHH10001005: Database info:
	Database JDBC URL [Connecting through datasource 'HikariDataSource (HikariPool-1)']
	Database driver: undefined/unknown
	Database version: 8.0.35
	Autocommit mode: undefined/unknown
	Isolation level: undefined/unknown
	Minimum pool size: undefined/unknown
	Maximum pool size: undefined/unknown
2025-05-19T19:40:24.108+05:30  INFO 23520 --- [verisay] [restartedMain] o.h.e.t.j.p.i.JtaPlatformInitiator       : HHH000489: No JTA platform available (set 'hibernate.transaction.jta.platform' to enable JTA platform integration)
2025-05-19T19:40:24.116+05:30  INFO 23520 --- [verisay] [restartedMain] j.LocalContainerEntityManagerFactoryBean : Initialized JPA EntityManagerFactory for persistence unit 'default'
2025-05-19T19:40:24.979+05:30  WARN 23520 --- [verisay] [restartedMain] JpaBaseConfiguration$JpaWebConfiguration : spring.jpa.open-in-view is enabled by default. Therefore, database queries may be performed during view rendering. Explicitly configure spring.jpa.open-in-view to disable this warning
2025-05-19T19:40:25.055+05:30  WARN 23520 --- [verisay] [restartedMain] .s.s.UserDetailsServiceAutoConfiguration : 

Using generated security password: d480bd4c-ea5e-44ed-8424-90abe3e988fe

This generated password is for development use only. Your security configuration must be updated before running your application in production.

2025-05-19T19:40:25.083+05:30  INFO 23520 --- [verisay] [restartedMain] r$InitializeUserDetailsManagerConfigurer : Global AuthenticationManager configured with UserDetailsService bean with name inMemoryUserDetailsManager
2025-05-19T19:40:26.006+05:30  INFO 23520 --- [verisay] [restartedMain] o.s.b.a.e.web.EndpointLinksResolver      : Exposing 1 endpoint beneath base path '/actuator'
2025-05-19T19:40:27.106+05:30  INFO 23520 --- [verisay] [restartedMain] o.s.b.d.a.OptionalLiveReloadServer       : LiveReload server is running on port 35729
2025-05-19T19:40:27.303+05:30  INFO 23520 --- [verisay] [restartedMain] o.s.b.w.embedded.tomcat.TomcatWebServer  : Tomcat started on port 8000 (http) with context path '/'
2025-05-19T19:40:27.327+05:30  INFO 23520 --- [verisay] [restartedMain] c.backened.verisay.VerisayApplication    : Started VerisayApplication in 12.164 seconds (process running for 13.432)
2025-05-19T19:40:29.976+05:30  INFO 23520 --- [verisay] [RMI TCP Connection(2)-127.0.0.1] o.a.c.c.C.[Tomcat].[localhost].[/]       : Initializing Spring DispatcherServlet 'dispatcherServlet'
2025-05-19T19:40:29.977+05:30  INFO 23520 --- [verisay] [RMI TCP Connection(2)-127.0.0.1] o.s.web.servlet.DispatcherServlet        : Initializing Servlet 'dispatcherServlet'
2025-05-19T19:40:29.986+05:30  INFO 23520 --- [verisay] [RMI TCP Connection(2)-127.0.0.1] o.s.web.servlet.DispatcherServlet        : Completed initialization in 6 ms
